2023-08-15 14:02:34,845 INFO Request received, got arguments: {'fileName': 'train_shuffle.csv|test_shuffle.csv', 'jobName': 'shuffle', 'label': 'Hourly_Production', 'userId': 'servtech.ai_julie', 'groupId': 'servtech.ai', 'projectId': 'p00226', 'job_id': '20230814082335099'}
2023-08-15 14:02:34,845 INFO Reading Config
2023-08-15 14:02:34,892 INFO Loaded data from: C:\Users\tzuli\Documents\python\1_AI\data\servtech.ai\p00226\Tabular\AfterLabelMerge\train_shuffle.csv | Columns = 28 | Rows = 16159 -> 16159
2023-08-15 14:02:34,932 INFO Loaded data from: C:\Users\tzuli\Documents\python\1_AI\data\servtech.ai\p00226\Tabular\AfterLabelMerge\test_shuffle.csv | Columns = 28 | Rows = 6926 -> 6926
2023-08-15 14:02:34,954 INFO Initialize parameters
2023-08-15 14:02:34,954 INFO params has been set
2023-08-15 14:02:34,955 INFO Received FileHeaderAndType
2023-08-15 14:02:34,959 INFO Casting feature...
2023-08-15 14:02:34,959 INFO  ---- Synthesis ---- 
2023-08-15 14:02:34,959 INFO the first 10 unique label values in data:  [43.2, 43.6, 40.6, 30.7, 39.7, 42.3, 46.4, 43.7, 40.2, 15.3]
2023-08-15 14:02:34,960 INFO infers prediction problem is: regression  (because dtype of label-column == float and label-values can't be converted to int).
2023-08-15 14:02:34,964 INFO v preprocess
2023-08-15 14:02:34,974 INFO v generate
2023-08-15 14:02:35,404 INFO v clean
2023-08-15 14:02:35,425 INFO v correlation
2023-08-15 14:02:36,003 INFO v extract
2023-08-15 14:02:36,006 INFO v rolling
2023-08-15 14:02:56,058 INFO v wrap_selection-unary
2023-08-15 14:02:58,598 INFO v wrap_selection-groupby
2023-08-15 14:02:58,656 INFO v complete
2023-08-15 14:02:59,069 INFO  ---- Statistic ---- 
2023-08-15 14:03:00,254 INFO v regression
2023-08-15 14:03:00,257 INFO v complete
2023-08-15 14:03:00,258 INFO  ---- Transform ---- 
2023-08-15 14:03:00,260 INFO v extract
2023-08-15 14:03:01,707 INFO v category_encoder
2023-08-15 14:03:01,719 INFO v normalization
2023-08-15 14:03:01,721 INFO v complete
2023-08-15 14:03:01,723 INFO v end
2023-08-15 14:03:01,723 INFO Cast Completed. DataShape: (15944, 37)
2023-08-15 14:03:01,724 INFO Save mold to C:\Users\tzuli\Documents\python\1_AI\data\servtech.ai\p00226\AutoFeatureEngineering\train_shuffle.csv_test_shuffle.csv_20230814082335099\20230814082335099_servtech.ai_p00226_mold.mo
2023-08-15 14:03:01,726 INFO Writing dataset...
2023-08-15 14:03:02,245 INFO v shaping
2023-08-15 14:03:02,702 INFO v end
2023-08-15 14:03:02,703 INFO Shape Completed. DataShape: (6926, 37)
2023-08-15 14:03:02,704 INFO Writing dataset...
2023-08-15 14:03:02,997 INFO AutomaticFeatureExtraction completed successfully.
2023-08-15 14:03:02,999 INFO DB - job completed.
